[2021-05-24 00:36:19Z INFO HostContext] No proxy settings were found based on environmental variables (http_proxy/https_proxy/HTTP_PROXY/HTTPS_PROXY)
[2021-05-24 00:36:19Z INFO HostContext] Well known directory 'Bin': 'C:\Users\black\Desktop\pluralSight\git-action-react\actions-runner\bin'
[2021-05-24 00:36:19Z INFO HostContext] Well known directory 'Root': 'C:\Users\black\Desktop\pluralSight\git-action-react\actions-runner'
[2021-05-24 00:36:19Z INFO HostContext] Well known config file 'Credentials': 'C:\Users\black\Desktop\pluralSight\git-action-react\actions-runner\.credentials'
[2021-05-24 00:36:19Z INFO Listener] Runner is built for Windows (X64) - win-x64.
[2021-05-24 00:36:19Z INFO Listener] RuntimeInformation: Microsoft Windows 10.0.19042.
[2021-05-24 00:36:19Z INFO Listener] Version: 2.278.0
[2021-05-24 00:36:19Z INFO Listener] Commit: 62d926efce35d3ea16d7624a25aaa5b300737def
[2021-05-24 00:36:19Z INFO Listener] Culture: en-US
[2021-05-24 00:36:19Z INFO Listener] UI Culture: en-US
[2021-05-24 00:36:19Z INFO HostContext] Well known directory 'Bin': 'C:\Users\black\Desktop\pluralSight\git-action-react\actions-runner\bin'
[2021-05-24 00:36:19Z INFO HostContext] Well known directory 'Root': 'C:\Users\black\Desktop\pluralSight\git-action-react\actions-runner'
[2021-05-24 00:36:19Z INFO Listener] Validating directory permissions for: 'C:\Users\black\Desktop\pluralSight\git-action-react\actions-runner'
[2021-05-24 00:36:19Z INFO CommandLineParser] Parse
[2021-05-24 00:36:19Z INFO CommandLineParser] Parsing 5 args
[2021-05-24 00:36:19Z INFO CommandLineParser] parsing argument
[2021-05-24 00:36:19Z INFO CommandLineParser] HasArgs: False
[2021-05-24 00:36:19Z INFO CommandLineParser] Adding Command: configure
[2021-05-24 00:36:19Z INFO CommandLineParser] parsing argument
[2021-05-24 00:36:19Z INFO CommandLineParser] HasArgs: True
[2021-05-24 00:36:19Z INFO CommandLineParser] arg: url
[2021-05-24 00:36:19Z INFO CommandLineParser] parsing argument
[2021-05-24 00:36:19Z INFO CommandLineParser] HasArgs: True
[2021-05-24 00:36:19Z INFO CommandLineParser] Adding option 'url': 'https://github.com/ITIfeanyi/git-action'
[2021-05-24 00:36:19Z INFO CommandLineParser] parsing argument
[2021-05-24 00:36:19Z INFO CommandLineParser] HasArgs: True
[2021-05-24 00:36:19Z INFO CommandLineParser] arg: token
[2021-05-24 00:36:19Z INFO CommandLineParser] parsing argument
[2021-05-24 00:36:19Z INFO CommandLineParser] HasArgs: True
[2021-05-24 00:36:19Z INFO CommandLineParser] Adding option 'token': '***'
[2021-05-24 00:36:19Z INFO Listener] Arguments parsed
[2021-05-24 00:36:20Z INFO Runner] ExecuteCommand
[2021-05-24 00:36:20Z INFO ConfigurationStore] currentAssemblyLocation: C:\Users\black\Desktop\pluralSight\git-action-react\actions-runner\bin\Runner.Listener.dll
[2021-05-24 00:36:20Z INFO HostContext] Well known directory 'Bin': 'C:\Users\black\Desktop\pluralSight\git-action-react\actions-runner\bin'
[2021-05-24 00:36:20Z INFO ConfigurationStore] binPath: C:\Users\black\Desktop\pluralSight\git-action-react\actions-runner\bin
[2021-05-24 00:36:20Z INFO HostContext] Well known directory 'Bin': 'C:\Users\black\Desktop\pluralSight\git-action-react\actions-runner\bin'
[2021-05-24 00:36:20Z INFO HostContext] Well known directory 'Root': 'C:\Users\black\Desktop\pluralSight\git-action-react\actions-runner'
[2021-05-24 00:36:20Z INFO ConfigurationStore] RootFolder: C:\Users\black\Desktop\pluralSight\git-action-react\actions-runner
[2021-05-24 00:36:20Z INFO HostContext] Well known directory 'Bin': 'C:\Users\black\Desktop\pluralSight\git-action-react\actions-runner\bin'
[2021-05-24 00:36:20Z INFO HostContext] Well known directory 'Root': 'C:\Users\black\Desktop\pluralSight\git-action-react\actions-runner'
[2021-05-24 00:36:20Z INFO HostContext] Well known config file 'Runner': 'C:\Users\black\Desktop\pluralSight\git-action-react\actions-runner\.runner'
[2021-05-24 00:36:20Z INFO ConfigurationStore] ConfigFilePath: C:\Users\black\Desktop\pluralSight\git-action-react\actions-runner\.runner
[2021-05-24 00:36:20Z INFO HostContext] Well known directory 'Bin': 'C:\Users\black\Desktop\pluralSight\git-action-react\actions-runner\bin'
[2021-05-24 00:36:20Z INFO HostContext] Well known directory 'Root': 'C:\Users\black\Desktop\pluralSight\git-action-react\actions-runner'
[2021-05-24 00:36:20Z INFO HostContext] Well known config file 'Credentials': 'C:\Users\black\Desktop\pluralSight\git-action-react\actions-runner\.credentials'
[2021-05-24 00:36:20Z INFO ConfigurationStore] CredFilePath: C:\Users\black\Desktop\pluralSight\git-action-react\actions-runner\.credentials
[2021-05-24 00:36:20Z INFO HostContext] Well known directory 'Bin': 'C:\Users\black\Desktop\pluralSight\git-action-react\actions-runner\bin'
[2021-05-24 00:36:20Z INFO HostContext] Well known directory 'Root': 'C:\Users\black\Desktop\pluralSight\git-action-react\actions-runner'
[2021-05-24 00:36:20Z INFO HostContext] Well known config file 'MigratedCredentials': 'C:\Users\black\Desktop\pluralSight\git-action-react\actions-runner\.credentials_migrated'
[2021-05-24 00:36:20Z INFO ConfigurationStore] MigratedCredFilePath: C:\Users\black\Desktop\pluralSight\git-action-react\actions-runner\.credentials_migrated
[2021-05-24 00:36:20Z INFO HostContext] Well known directory 'Bin': 'C:\Users\black\Desktop\pluralSight\git-action-react\actions-runner\bin'
[2021-05-24 00:36:20Z INFO HostContext] Well known directory 'Root': 'C:\Users\black\Desktop\pluralSight\git-action-react\actions-runner'
[2021-05-24 00:36:20Z INFO HostContext] Well known config file 'Service': 'C:\Users\black\Desktop\pluralSight\git-action-react\actions-runner\.service'
[2021-05-24 00:36:20Z INFO ConfigurationStore] ServiceConfigFilePath: C:\Users\black\Desktop\pluralSight\git-action-react\actions-runner\.service
[2021-05-24 00:36:20Z INFO CommandSettings] Flag 'help': 'False'
[2021-05-24 00:36:20Z INFO CommandSettings] Flag 'version': 'False'
[2021-05-24 00:36:20Z INFO CommandSettings] Flag 'commit': 'False'
[2021-05-24 00:36:20Z INFO CommandSettings] Flag 'check': 'False'
[2021-05-24 00:36:20Z INFO CommandSettings] Command 'configure': 'True'
[2021-05-24 00:36:20Z INFO Terminal] WRITE LINE: 
[2021-05-24 00:36:20Z INFO Terminal] WRITE LINE: --------------------------------------------------------------------------------
[2021-05-24 00:36:20Z INFO Terminal] WRITE LINE: |        ____ _ _   _   _       _          _        _   _                      |
[2021-05-24 00:36:20Z INFO Terminal] WRITE LINE: |       / ___(_) |_| | | |_   _| |__      / \   ___| |_(_) ___  _ __  ___      |
[2021-05-24 00:36:20Z INFO Terminal] WRITE LINE: |      | |  _| | __| |_| | | | | '_ \    / _ \ / __| __| |/ _ \| '_ \/ __|     |
[2021-05-24 00:36:20Z INFO Terminal] WRITE LINE: |      | |_| | | |_|  _  | |_| | |_) |  / ___ \ (__| |_| | (_) | | | \__ \     |
[2021-05-24 00:36:20Z INFO Terminal] WRITE LINE: |       \____|_|\__|_| |_|\__,_|_.__/  /_/   \_\___|\__|_|\___/|_| |_|___/     |
[2021-05-24 00:36:20Z INFO Terminal] WRITE LINE: |                                                                              |
[2021-05-24 00:36:20Z INFO Terminal] WRITE: |                       
[2021-05-24 00:36:20Z INFO Terminal] WRITE: Self-hosted runner registration
[2021-05-24 00:36:20Z INFO Terminal] WRITE LINE:                         |
[2021-05-24 00:36:20Z INFO Terminal] WRITE LINE: |                                                                              |
[2021-05-24 00:36:20Z INFO Terminal] WRITE LINE: --------------------------------------------------------------------------------
[2021-05-24 00:36:20Z INFO ConfigurationManager] ConfigureAsync
[2021-05-24 00:36:20Z INFO ConfigurationStore] IsConfigured()
[2021-05-24 00:36:20Z INFO ConfigurationStore] IsConfigured: False
[2021-05-24 00:36:20Z INFO ConfigurationManager] Is configured: False
[2021-05-24 00:36:20Z INFO CommandSettings] Arg 'url': 'https://github.com/ITIfeanyi/git-action'
[2021-05-24 00:36:20Z INFO CommandSettings] Remove url from Arg dictionary.
[2021-05-24 00:36:20Z INFO CommandSettings] Arg 'token': '***'
[2021-05-24 00:36:20Z INFO CommandSettings] Remove token from Arg dictionary.
[2021-05-24 00:36:26Z INFO ConfigurationManager] Http response code: OK from 'POST https://api.github.com/actions/runner-registration'
[2021-05-24 00:36:26Z INFO ConfigurationManager] cred retrieved via GitHub auth
[2021-05-24 00:36:26Z INFO RunnerServer] Establish connection with 100 seconds timeout.
[2021-05-24 00:36:27Z INFO GitHubActionsService] Starting operation Location.GetConnectionData
[2021-05-24 00:36:27Z INFO RunnerServer] Establish connection with 60 seconds timeout.
[2021-05-24 00:36:27Z INFO GitHubActionsService] Starting operation Location.GetConnectionData
[2021-05-24 00:36:27Z INFO RunnerServer] Establish connection with 60 seconds timeout.
[2021-05-24 00:36:27Z INFO GitHubActionsService] Starting operation Location.GetConnectionData
[2021-05-24 00:36:32Z INFO GitHubActionsService] Finished operation Location.GetConnectionData
[2021-05-24 00:36:32Z INFO GitHubActionsService] Finished operation Location.GetConnectionData
[2021-05-24 00:36:32Z INFO GitHubActionsService] Finished operation Location.GetConnectionData
[2021-05-24 00:36:32Z INFO Terminal] WRITE LINE: 
[2021-05-24 00:36:32Z INFO ConfigurationManager] Test Connection complete.
[2021-05-24 00:36:32Z INFO HostContext] Well known directory 'Bin': 'C:\Users\black\Desktop\pluralSight\git-action-react\actions-runner\bin'
[2021-05-24 00:36:32Z INFO HostContext] Well known directory 'Root': 'C:\Users\black\Desktop\pluralSight\git-action-react\actions-runner'
[2021-05-24 00:36:32Z INFO HostContext] Well known config file 'RSACredentials': 'C:\Users\black\Desktop\pluralSight\git-action-react\actions-runner\.credentials_rsaparams'
[2021-05-24 00:36:32Z INFO RSAEncryptedFileKeyManager] Creating new RSA key using 2048-bit key length
[2021-05-24 00:36:33Z INFO RSAEncryptedFileKeyManager] Successfully saved RSA key parameters to file C:\Users\black\Desktop\pluralSight\git-action-react\actions-runner\.credentials_rsaparams
[2021-05-24 00:36:33Z INFO ConfigurationManager] Found a self-hosted runner group with id {1} and name {2} 1, Default
[2021-05-24 00:36:33Z INFO CommandSettings] Arg 'name': ''
[2021-05-24 00:36:33Z INFO CommandSettings] Flag 'unattended': 'False'
[2021-05-24 00:36:33Z INFO PromptManager] ReadValue
[2021-05-24 00:36:33Z INFO Terminal] WRITE: Enter the name of runner: 
[2021-05-24 00:36:33Z INFO Terminal] WRITE: [press Enter for DESKTOP-S5GKBQD] 
[2021-05-24 00:36:33Z INFO Terminal] READ LINE
[2021-05-24 00:37:49Z INFO Terminal] Read value: 'react-app'
[2021-05-24 00:37:49Z INFO Terminal] WRITE LINE: 
[2021-05-24 00:37:49Z INFO CommandSettings] Arg 'labels': ''
[2021-05-24 00:37:49Z INFO CommandSettings] Flag 'unattended': 'False'
[2021-05-24 00:37:49Z INFO PromptManager] ReadValue
[2021-05-24 00:37:49Z INFO Terminal] WRITE: This runner will have the following labels: 'self-hosted', 'Windows', 'X64' 
Enter any additional labels (ex. label-1,label-2): 
[2021-05-24 00:37:49Z INFO Terminal] WRITE: [press Enter to skip] 
[2021-05-24 00:37:49Z INFO Terminal] READ LINE
[2021-05-24 00:37:54Z INFO Terminal] Read value: ''
[2021-05-24 00:37:54Z INFO Terminal] WRITE LINE: 
[2021-05-24 00:38:02Z INFO ConfigurationStore] Saving OAuth credential @ C:\Users\black\Desktop\pluralSight\git-action-react\actions-runner\.credentials
[2021-05-24 00:38:02Z INFO ConfigurationStore] Credentials Saved.
[2021-05-24 00:38:02Z INFO ConfigurationStore] HasCredentials()
[2021-05-24 00:38:02Z INFO ConfigurationStore] stored True
[2021-05-24 00:38:02Z INFO CredentialManager] GetCredentialProvider
[2021-05-24 00:38:02Z INFO CredentialManager] Creating type OAuth
[2021-05-24 00:38:02Z INFO CredentialManager] Creating credential type: OAuth
[2021-05-24 00:38:02Z INFO RSAEncryptedFileKeyManager] Loading RSA key parameters from file C:\Users\black\Desktop\pluralSight\git-action-react\actions-runner\.credentials_rsaparams
[2021-05-24 00:38:02Z INFO RunnerServer] Establish connection with 100 seconds timeout.
[2021-05-24 00:38:02Z INFO GitHubActionsService] Starting operation Location.GetConnectionData
[2021-05-24 00:38:02Z INFO RunnerServer] Establish connection with 60 seconds timeout.
[2021-05-24 00:38:02Z INFO GitHubActionsService] Starting operation Location.GetConnectionData
[2021-05-24 00:38:02Z INFO RunnerServer] Establish connection with 60 seconds timeout.
[2021-05-24 00:38:02Z INFO GitHubActionsService] Starting operation Location.GetConnectionData
[2021-05-24 00:38:04Z INFO GitHubActionsService] Finished operation Location.GetConnectionData
[2021-05-24 00:38:05Z INFO GitHubActionsService] Finished operation Location.GetConnectionData
[2021-05-24 00:38:05Z INFO GitHubActionsService] Finished operation Location.GetConnectionData
[2021-05-24 00:38:05Z WARN GitHubActionsService] Authentication failed with status code 401.
Transfer-Encoding: chunked
WWW-Authenticate: Bearer
Strict-Transport-Security: max-age=2592000
X-TFS-ProcessId: 2b670417-f3c3-4c22-8e80-d28602bacf60
ActivityId: a2fdc1c8-69fd-48c0-826f-7b90de2a4edd
X-TFS-Session: 875a7c29-c33d-4dda-96d4-65da279d091e
X-VSS-E2EID: bb36d1d3-d4b2-477f-a7ac-090a6510c0ea
X-VSS-SenderDeploymentId: 2c974d96-2c30-cef5-eff2-3e0511a903a5
X-TFS-ServiceError: The+user+%27System%3aPublicAccess%3baaaaaaaa-aaaa-aaaa-aaaa-aaaaaaaaaaaa%27+is+not+authorized+to+access+this+resource.
X-VSS-S2STargetService: 0000005A-0000-8888-8000-000000000000/visualstudio.com
X-Cache: CONFIG_NOCACHE
X-MSEdge-Ref: Ref A: 5F04DF618CCD42DB8856226EE52D314C Ref B: AMBEDGE0717 Ref C: 2021-05-24T00:38:04Z
Date: Mon, 24 May 2021 00:38:04 GMT

[2021-05-24 00:38:05Z INFO RSAEncryptedFileKeyManager] Loading RSA key parameters from file C:\Users\black\Desktop\pluralSight\git-action-react\actions-runner\.credentials_rsaparams
[2021-05-24 00:38:05Z INFO RSAEncryptedFileKeyManager] Loading RSA key parameters from file C:\Users\black\Desktop\pluralSight\git-action-react\actions-runner\.credentials_rsaparams
[2021-05-24 00:38:08Z INFO GitHubActionsService] AAD Correlation ID for this token request: Unknown
[2021-05-24 00:38:08Z WARN GitHubActionsService] Retrieving an AAD auth token took a long time (2.3999232 seconds)
[2021-05-24 00:38:08Z INFO CommandSettings] Arg 'work': ''
[2021-05-24 00:38:08Z INFO CommandSettings] Flag 'unattended': 'False'
[2021-05-24 00:38:08Z INFO PromptManager] ReadValue
[2021-05-24 00:38:08Z INFO Terminal] WRITE: Enter name of work folder: 
[2021-05-24 00:38:08Z INFO Terminal] WRITE: [press Enter for _work] 
[2021-05-24 00:38:08Z INFO Terminal] READ LINE
[2021-05-24 00:38:08Z INFO Terminal] Read value: ''
[2021-05-24 00:38:08Z INFO PromptManager] Falling back to the default: '_work'
[2021-05-24 00:38:08Z INFO ConfigurationStore] Saving runner settings.
[2021-05-24 00:38:08Z INFO ConfigurationStore] Settings Saved.
[2021-05-24 00:38:08Z INFO Terminal] WRITE LINE: 
[2021-05-24 00:38:08Z INFO Terminal] WRITE LINE: 
[2021-05-24 00:38:08Z INFO CommandSettings] Flag 'runasservice': 'False'
[2021-05-24 00:38:08Z INFO CommandSettings] Flag 'unattended': 'False'
[2021-05-24 00:38:08Z INFO PromptManager] ReadValue
[2021-05-24 00:38:08Z INFO Terminal] WRITE: Would you like to run the runner as service? (Y/N) 
[2021-05-24 00:38:08Z INFO Terminal] WRITE: [press Enter for N] 
[2021-05-24 00:38:08Z INFO Terminal] READ LINE
[2021-05-24 00:39:00Z INFO Terminal] Read value: 'N'
[2021-05-24 00:39:00Z INFO Listener] Runner execution has finished with return code 0
