[2021-05-24 16:26:38Z INFO HostContext] No proxy settings were found based on environmental variables (http_proxy/https_proxy/HTTP_PROXY/HTTPS_PROXY)
[2021-05-24 16:26:38Z INFO HostContext] Well known directory 'Bin': 'C:\Users\black\Desktop\pluralSight\git-action-react\actions-runner\bin'
[2021-05-24 16:26:38Z INFO HostContext] Well known directory 'Root': 'C:\Users\black\Desktop\pluralSight\git-action-react\actions-runner'
[2021-05-24 16:26:38Z INFO HostContext] Well known config file 'Credentials': 'C:\Users\black\Desktop\pluralSight\git-action-react\actions-runner\.credentials'
[2021-05-24 16:26:38Z INFO Listener] Runner is built for Windows (X64) - win-x64.
[2021-05-24 16:26:38Z INFO Listener] RuntimeInformation: Microsoft Windows 10.0.19042.
[2021-05-24 16:26:38Z INFO Listener] Version: 2.278.0
[2021-05-24 16:26:38Z INFO Listener] Commit: 62d926efce35d3ea16d7624a25aaa5b300737def
[2021-05-24 16:26:38Z INFO Listener] Culture: en-US
[2021-05-24 16:26:38Z INFO Listener] UI Culture: en-US
[2021-05-24 16:26:38Z INFO HostContext] Well known directory 'Bin': 'C:\Users\black\Desktop\pluralSight\git-action-react\actions-runner\bin'
[2021-05-24 16:26:38Z INFO HostContext] Well known directory 'Root': 'C:\Users\black\Desktop\pluralSight\git-action-react\actions-runner'
[2021-05-24 16:26:38Z INFO Listener] Validating directory permissions for: 'C:\Users\black\Desktop\pluralSight\git-action-react\actions-runner'
[2021-05-24 16:26:38Z INFO CommandLineParser] Parse
[2021-05-24 16:26:38Z INFO CommandLineParser] Parsing 1 args
[2021-05-24 16:26:38Z INFO CommandLineParser] parsing argument
[2021-05-24 16:26:38Z INFO CommandLineParser] HasArgs: False
[2021-05-24 16:26:38Z INFO CommandLineParser] Adding Command: run
[2021-05-24 16:26:38Z INFO Listener] Arguments parsed
[2021-05-24 16:26:38Z INFO Runner] ExecuteCommand
[2021-05-24 16:26:38Z INFO ConfigurationStore] currentAssemblyLocation: C:\Users\black\Desktop\pluralSight\git-action-react\actions-runner\bin\Runner.Listener.dll
[2021-05-24 16:26:38Z INFO HostContext] Well known directory 'Bin': 'C:\Users\black\Desktop\pluralSight\git-action-react\actions-runner\bin'
[2021-05-24 16:26:38Z INFO ConfigurationStore] binPath: C:\Users\black\Desktop\pluralSight\git-action-react\actions-runner\bin
[2021-05-24 16:26:38Z INFO HostContext] Well known directory 'Bin': 'C:\Users\black\Desktop\pluralSight\git-action-react\actions-runner\bin'
[2021-05-24 16:26:38Z INFO HostContext] Well known directory 'Root': 'C:\Users\black\Desktop\pluralSight\git-action-react\actions-runner'
[2021-05-24 16:26:38Z INFO ConfigurationStore] RootFolder: C:\Users\black\Desktop\pluralSight\git-action-react\actions-runner
[2021-05-24 16:26:38Z INFO HostContext] Well known directory 'Bin': 'C:\Users\black\Desktop\pluralSight\git-action-react\actions-runner\bin'
[2021-05-24 16:26:38Z INFO HostContext] Well known directory 'Root': 'C:\Users\black\Desktop\pluralSight\git-action-react\actions-runner'
[2021-05-24 16:26:38Z INFO HostContext] Well known config file 'Runner': 'C:\Users\black\Desktop\pluralSight\git-action-react\actions-runner\.runner'
[2021-05-24 16:26:38Z INFO ConfigurationStore] ConfigFilePath: C:\Users\black\Desktop\pluralSight\git-action-react\actions-runner\.runner
[2021-05-24 16:26:38Z INFO HostContext] Well known directory 'Bin': 'C:\Users\black\Desktop\pluralSight\git-action-react\actions-runner\bin'
[2021-05-24 16:26:38Z INFO HostContext] Well known directory 'Root': 'C:\Users\black\Desktop\pluralSight\git-action-react\actions-runner'
[2021-05-24 16:26:38Z INFO HostContext] Well known config file 'Credentials': 'C:\Users\black\Desktop\pluralSight\git-action-react\actions-runner\.credentials'
[2021-05-24 16:26:38Z INFO ConfigurationStore] CredFilePath: C:\Users\black\Desktop\pluralSight\git-action-react\actions-runner\.credentials
[2021-05-24 16:26:38Z INFO HostContext] Well known directory 'Bin': 'C:\Users\black\Desktop\pluralSight\git-action-react\actions-runner\bin'
[2021-05-24 16:26:38Z INFO HostContext] Well known directory 'Root': 'C:\Users\black\Desktop\pluralSight\git-action-react\actions-runner'
[2021-05-24 16:26:38Z INFO HostContext] Well known config file 'MigratedCredentials': 'C:\Users\black\Desktop\pluralSight\git-action-react\actions-runner\.credentials_migrated'
[2021-05-24 16:26:38Z INFO ConfigurationStore] MigratedCredFilePath: C:\Users\black\Desktop\pluralSight\git-action-react\actions-runner\.credentials_migrated
[2021-05-24 16:26:38Z INFO HostContext] Well known directory 'Bin': 'C:\Users\black\Desktop\pluralSight\git-action-react\actions-runner\bin'
[2021-05-24 16:26:38Z INFO HostContext] Well known directory 'Root': 'C:\Users\black\Desktop\pluralSight\git-action-react\actions-runner'
[2021-05-24 16:26:38Z INFO HostContext] Well known config file 'Service': 'C:\Users\black\Desktop\pluralSight\git-action-react\actions-runner\.service'
[2021-05-24 16:26:38Z INFO ConfigurationStore] ServiceConfigFilePath: C:\Users\black\Desktop\pluralSight\git-action-react\actions-runner\.service
[2021-05-24 16:26:38Z INFO CommandSettings] Flag 'help': 'False'
[2021-05-24 16:26:38Z INFO CommandSettings] Flag 'version': 'False'
[2021-05-24 16:26:38Z INFO CommandSettings] Flag 'commit': 'False'
[2021-05-24 16:26:38Z INFO CommandSettings] Flag 'check': 'False'
[2021-05-24 16:26:38Z INFO CommandSettings] Command 'configure': 'False'
[2021-05-24 16:26:38Z INFO CommandSettings] Command 'remove': 'False'
[2021-05-24 16:26:38Z INFO CommandSettings] Command 'warmup': 'False'
[2021-05-24 16:26:38Z INFO ConfigurationManager] LoadSettings
[2021-05-24 16:26:38Z INFO ConfigurationStore] IsConfigured()
[2021-05-24 16:26:38Z INFO ConfigurationStore] IsConfigured: True
[2021-05-24 16:26:38Z INFO ConfigurationManager] Is configured: True
[2021-05-24 16:26:38Z INFO ConfigurationStore] Read setting file: 294 chars
[2021-05-24 16:26:38Z INFO ConfigurationManager] Settings Loaded
[2021-05-24 16:26:38Z INFO ConfigurationStore] IsServiceConfigured()
[2021-05-24 16:26:38Z INFO ConfigurationStore] IsServiceConfigured: False
[2021-05-24 16:26:38Z INFO CommandSettings] Command 'run': 'True'
[2021-05-24 16:26:38Z INFO ConfigurationStore] IsConfigured()
[2021-05-24 16:26:38Z INFO ConfigurationStore] IsConfigured: True
[2021-05-24 16:26:38Z INFO ConfigurationManager] Is configured: True
[2021-05-24 16:26:38Z INFO Runner] Could not parse the argument value '' for StartupType. Defaulting to Manual
[2021-05-24 16:26:38Z INFO Runner] Set runner startup type - Manual
[2021-05-24 16:26:38Z INFO CommandSettings] Flag 'once': 'False'
[2021-05-24 16:26:38Z INFO Runner] RunAsync
[2021-05-24 16:26:38Z INFO ConfigurationManager] LoadSettings
[2021-05-24 16:26:38Z INFO ConfigurationStore] IsConfigured()
[2021-05-24 16:26:38Z INFO ConfigurationStore] IsConfigured: True
[2021-05-24 16:26:38Z INFO ConfigurationManager] Is configured: True
[2021-05-24 16:26:38Z INFO ConfigurationManager] Settings Loaded
[2021-05-24 16:26:38Z INFO MessageListener] {
  "AgentId": 2,
  "AgentName": "react-app",
  "PoolId": 1,
  "PoolName": "Default",
  "ServerUrl": "https://pipelines.actions.githubusercontent.com/IRaKAn6jCHtpBwXhgT81SqzCEbhTohU3NfycqCUDNqqFQePbWa",
  "GitHubUrl": "https://github.com/ITIfeanyi/git-action",
  "WorkFolder": "_work"
}
[2021-05-24 16:26:38Z INFO MessageListener] Loading Credentials
[2021-05-24 16:26:38Z INFO ConfigurationStore] HasCredentials()
[2021-05-24 16:26:38Z INFO ConfigurationStore] stored True
[2021-05-24 16:26:38Z INFO CredentialManager] GetCredentialProvider
[2021-05-24 16:26:38Z INFO CredentialManager] Creating type OAuth
[2021-05-24 16:26:38Z INFO CredentialManager] Creating credential type: OAuth
[2021-05-24 16:26:38Z INFO HostContext] Well known directory 'Bin': 'C:\Users\black\Desktop\pluralSight\git-action-react\actions-runner\bin'
[2021-05-24 16:26:38Z INFO HostContext] Well known directory 'Root': 'C:\Users\black\Desktop\pluralSight\git-action-react\actions-runner'
[2021-05-24 16:26:38Z INFO HostContext] Well known config file 'RSACredentials': 'C:\Users\black\Desktop\pluralSight\git-action-react\actions-runner\.credentials_rsaparams'
[2021-05-24 16:26:38Z INFO RSAEncryptedFileKeyManager] Loading RSA key parameters from file C:\Users\black\Desktop\pluralSight\git-action-react\actions-runner\.credentials_rsaparams
[2021-05-24 16:26:38Z INFO MessageListener] Attempt to create session.
[2021-05-24 16:26:38Z INFO MessageListener] Connecting to the Runner Server...
[2021-05-24 16:26:38Z INFO RunnerServer] Establish connection with 100 seconds timeout.
[2021-05-24 16:26:38Z INFO GitHubActionsService] Starting operation Location.GetConnectionData
[2021-05-24 16:26:38Z INFO RunnerServer] Establish connection with 60 seconds timeout.
[2021-05-24 16:26:38Z INFO GitHubActionsService] Starting operation Location.GetConnectionData
[2021-05-24 16:26:38Z INFO RunnerServer] Establish connection with 60 seconds timeout.
[2021-05-24 16:26:38Z INFO GitHubActionsService] Starting operation Location.GetConnectionData
[2021-05-24 16:26:49Z INFO GitHubActionsService] Finished operation Location.GetConnectionData
[2021-05-24 16:26:49Z INFO GitHubActionsService] Finished operation Location.GetConnectionData
[2021-05-24 16:26:49Z INFO GitHubActionsService] Finished operation Location.GetConnectionData
[2021-05-24 16:26:49Z INFO MessageListener] VssConnection created
[2021-05-24 16:26:49Z INFO Terminal] WRITE LINE: 
[2021-05-24 16:26:49Z INFO Terminal] WRITE LINE: 
[2021-05-24 16:26:50Z WARN GitHubActionsService] Authentication failed with status code 401.
Transfer-Encoding: chunked
WWW-Authenticate: Bearer
Strict-Transport-Security: max-age=2592000
X-TFS-ProcessId: 15263651-3edb-4e72-9074-297cc86b399c
ActivityId: 6cb257df-7f75-4a25-8343-af350d71f073
X-TFS-Session: 70d007c6-233e-45a3-9544-d47eb8d5b45b
X-VSS-E2EID: 885214b5-842a-45a3-a887-ab4270af7b9f
X-VSS-SenderDeploymentId: 2c974d96-2c30-cef5-eff2-3e0511a903a5
X-TFS-ServiceError: The+user+%27System%3aPublicAccess%3baaaaaaaa-aaaa-aaaa-aaaa-aaaaaaaaaaaa%27+is+not+authorized+to+access+this+resource.
X-VSS-S2STargetService: 0000005A-0000-8888-8000-000000000000/visualstudio.com
X-Cache: CONFIG_NOCACHE
X-MSEdge-Ref: Ref A: 871DF27E138C4A328B7DDFA887D161B3 Ref B: DUS30EDGE0414 Ref C: 2021-05-24T16:26:49Z
Date: Mon, 24 May 2021 16:26:48 GMT

[2021-05-24 16:26:50Z INFO RSAEncryptedFileKeyManager] Loading RSA key parameters from file C:\Users\black\Desktop\pluralSight\git-action-react\actions-runner\.credentials_rsaparams
[2021-05-24 16:26:50Z INFO RSAEncryptedFileKeyManager] Loading RSA key parameters from file C:\Users\black\Desktop\pluralSight\git-action-react\actions-runner\.credentials_rsaparams
[2021-05-24 16:26:51Z INFO GitHubActionsService] AAD Correlation ID for this token request: Unknown
[2021-05-24 16:26:52Z INFO MessageListener] Session created.
[2021-05-24 16:26:52Z INFO Terminal] WRITE LINE: 2021-05-24 16:26:52Z: Listening for Jobs
[2021-05-24 16:26:52Z INFO JobDispatcher] Set runner/worker IPC timeout to 30 seconds.
[2021-05-24 16:27:03Z INFO Terminal] WRITE LINE: Exiting...
[2021-05-24 16:27:03Z INFO ConfigurationStore] IsServiceConfigured()
[2021-05-24 16:27:03Z INFO ConfigurationStore] IsServiceConfigured: False
[2021-05-24 16:27:03Z INFO HostContext] Runner will be shutdown for UserCancelled
[2021-05-24 16:27:03Z WARN GitHubActionsService] GET request to https://pipelines.actions.githubusercontent.com/IRaKAn6jCHtpBwXhgT81SqzCEbhTohU3NfycqCUDNqqFQePbWa/_apis/distributedtask/pools/1/messages?sessionId=d4b6a381-3ca6-43f1-9924-7bb78698e7e9 has been cancelled.
[2021-05-24 16:27:03Z INFO MessageListener] Get next message has been cancelled.
[2021-05-24 16:27:03Z INFO JobDispatcher] Shutting down JobDispatcher. Make sure all WorkerDispatcher has finished.
[2021-05-24 16:27:06Z INFO Listener] Runner execution been cancelled.
